<?xml version="1.0" encoding="UTF-8"?>
<testsuite name="SILab2Test" tests="1" skipped="0" failures="0" errors="0" timestamp="2022-05-25T09:48:24" hostname="LAPTOP-1C3I2U96" time="0.018">
  <properties/>
  <testcase name="testEveryStatementAndEveryBranch()" classname="SILab2Test" time="0.018"/>
  <system-out><![CDATA[]]></system-out>
  <system-err><![CDATA[]]></system-err>
</testsuite>
